MPASM  5.01                          LED2.ASM   2-26-2015  11:45:46         PAGE  1


LOC  OBJECT CODE     LINE SOURCE TEXT
  VALUE

Warning[205]: Found directive in column 1. (LIST)
                      00001 LIST P=16F877A
                      00002 #INCLUDE P16F877A.INC
                      00001         LIST
                      00002 ; P16F877A.INC  Standard Header File, Version 1.00    Microchip Technology, Inc.
                      00398         LIST
                      00003 
Warning[203]: Found opcode in column 1. (BCF)
0000   1303           00004 BCF STATUS,RP1
Warning[203]: Found opcode in column 1. (BSF)
0001   1683           00005 BSF STATUS,RP0
                      00006 
Warning[203]: Found opcode in column 1. (MOVLW)
0002   30FF           00007 MOVLW 0XFF
Warning[203]: Found opcode in column 1. (MOVWF)
Message[302]: Register in operand not in bank 0.  Ensure that bank bits are correct.
0003   0086           00008 MOVWF TRISB
Warning[203]: Found opcode in column 1. (MOVWF)
Message[302]: Register in operand not in bank 0.  Ensure that bank bits are correct.
0004   0087           00009 MOVWF TRISC
                      00010 
Warning[203]: Found opcode in column 1. (MOVLW)
0005   3000           00011 MOVLW 0X00
Warning[203]: Found opcode in column 1. (MOVWF)
Message[302]: Register in operand not in bank 0.  Ensure that bank bits are correct.
0006   0088           00012 MOVWF TRISD
                      00013 
Warning[203]: Found opcode in column 1. (BCF)
0007   1283           00014 BCF STATUS,RP0
Warning[203]: Found opcode in column 1. (BCF)
0008   1303           00015 BCF STATUS,RP1
                      00016 
Warning[203]: Found opcode in column 1. (BTFSS)
0009   1F87           00017 BTFSS PORTC,7
Warning[203]: Found opcode in column 1. (GOTO)
000A   280C           00018 GOTO LOOPA
Warning[203]: Found opcode in column 1. (GOTO)
000B   2819           00019 GOTO LOOPB
                      00020 
000C                  00021 LOOPA
Warning[203]: Found opcode in column 1. (BTFSS)
000C   1F06           00022 BTFSS PORTB,6
Warning[203]: Found opcode in column 1. (GOTO)
000D   280F           00023 GOTO LOOPC
Warning[203]: Found opcode in column 1. (GOTO)
000E   2814           00024 GOTO LOOPD
                      00025 
000F                  00026 LOOPC
Warning[203]: Found opcode in column 1. (BTFSC)
000F   1A87           00027 BTFSC PORTC,5
Warning[203]: Found opcode in column 1. (CALL)
0010   2026           00028 CALL S1
Warning[203]: Found opcode in column 1. (BTFSS)
MPASM  5.01                          LED2.ASM   2-26-2015  11:45:46         PAGE  2


LOC  OBJECT CODE     LINE SOURCE TEXT
  VALUE

0011   1E87           00029 BTFSS PORTC,5
Warning[203]: Found opcode in column 1. (CALL)
0012   202C           00030 CALL S2
Warning[203]: Found opcode in column 1. (CALL)
0013   2068           00031 CALL T1
                      00032 
0014                  00033 LOOPD
Warning[203]: Found opcode in column 1. (BTFSC)
0014   1A87           00034 BTFSC PORTC,5
Warning[203]: Found opcode in column 1. (CALL)
0015   2032           00035 CALL S3
Warning[203]: Found opcode in column 1. (BTFSS)
0016   1E87           00036 BTFSS PORTC,5
Warning[203]: Found opcode in column 1. (CALL)
0017   2040           00037 CALL S4
Warning[203]: Found opcode in column 1. (CALL)
0018   2068           00038 CALL T1
                      00039 
0019                  00040 LOOPB
Warning[203]: Found opcode in column 1. (BTFSS)
0019   1F06           00041 BTFSS PORTB,6
Warning[203]: Found opcode in column 1. (GOTO)
001A   281C           00042 GOTO LOOPE
Warning[203]: Found opcode in column 1. (GOTO)
001B   2821           00043 GOTO LOOPF
                      00044 
001C                  00045 LOOPE
Warning[203]: Found opcode in column 1. (BTFSC)
001C   1A87           00046 BTFSC PORTC,5
Warning[203]: Found opcode in column 1. (CALL)
001D   2050           00047 CALL S5
Warning[203]: Found opcode in column 1. (BTFSS)
001E   1E87           00048 BTFSS PORTC,5
Warning[203]: Found opcode in column 1. (CALL)
001F   2056           00049 CALL S6
Warning[203]: Found opcode in column 1. (CALL)
0020   2068           00050 CALL T1
                      00051 
0021                  00052 LOOPF
Warning[203]: Found opcode in column 1. (BTFSC)
0021   1A87           00053 BTFSC PORTC,5
Warning[203]: Found opcode in column 1. (CALL)
0022   205C           00054 CALL S7
Warning[203]: Found opcode in column 1. (BTFSS)
0023   1E87           00055 BTFSS PORTC,5
Warning[203]: Found opcode in column 1. (CALL)
0024   2062           00056 CALL S8
Warning[203]: Found opcode in column 1. (CALL)
0025   2068           00057 CALL T1
                      00058 
0026                  00059 S1
                      00060 
Warning[203]: Found opcode in column 1. (MOVF)
MPASM  5.01                          LED2.ASM   2-26-2015  11:45:46         PAGE  3


LOC  OBJECT CODE     LINE SOURCE TEXT
  VALUE

0026   0806           00061 MOVF PORTB,W
Warning[203]: Found opcode in column 1. (MOVWF)
0027   00A0           00062 MOVWF 0X20
Warning[203]: Found opcode in column 1. (MOVF)
0028   0807           00063 MOVF PORTC,W
Warning[203]: Found opcode in column 1. (ADDWF)
0029   0720           00064 ADDWF 0X20,W
Warning[203]: Found opcode in column 1. (MOVWF)
002A   0088           00065 MOVWF PORTD 
                      00066 
Warning[203]: Found opcode in column 1. (RETURN)
002B   0008           00067 RETURN
                      00068 
002C                  00069 S2
                      00070 
Warning[203]: Found opcode in column 1. (MOVF)
002C   0806           00071 MOVF PORTB,W
Warning[203]: Found opcode in column 1. (MOVWF)
002D   00A0           00072 MOVWF 0X20
Warning[203]: Found opcode in column 1. (MOVF)
002E   0807           00073 MOVF PORTC,W
Warning[203]: Found opcode in column 1. (SUBWF)
002F   0220           00074 SUBWF 0X20,W
Warning[203]: Found opcode in column 1. (MOVWF)
0030   0088           00075 MOVWF PORTD
                      00076 
Warning[203]: Found opcode in column 1. (RETURN)
0031   0008           00077 RETURN
                      00078 
0032                  00079 S3
                      00080 
Warning[203]: Found opcode in column 1. (MOVF)
0032   0806           00081 MOVF PORTB,W
Warning[203]: Found opcode in column 1. (MOVWF)
0033   00A0           00082 MOVWF 0X20
Warning[203]: Found opcode in column 1. (MOVLW)
0034   3000           00083 MOVLW 0X00
Warning[203]: Found opcode in column 1. (MOVWF)
0035   00A1           00084 MOVWF 0X21
Warning[203]: Found opcode in column 1. (BCF)
0036   1287           00085 BCF PORTC,5
Warning[203]: Found opcode in column 1. (BCF)
0037   1307           00086 BCF PORTC,6
Warning[203]: Found opcode in column 1. (BCF)
0038   1387           00087 BCF PORTC,7
Warning[203]: Found opcode in column 1. (MOVF)
0039   0807           00088 MOVF PORTC,W
                      00089 
003A                  00090 MUL
                      00091 
Warning[203]: Found opcode in column 1. (ADDWF)
003A   07A1           00092 ADDWF 0X21,F
Warning[203]: Found opcode in column 1. (DECFSZ)
MPASM  5.01                          LED2.ASM   2-26-2015  11:45:46         PAGE  4


LOC  OBJECT CODE     LINE SOURCE TEXT
  VALUE

Message[305]: Using default destination of 1 (file).
003B   0BA0           00093 DECFSZ 0X20
Warning[203]: Found opcode in column 1. (GOTO)
003C   283A           00094 GOTO MUL
                      00095 
Warning[203]: Found opcode in column 1. (MOVF)
003D   0821           00096 MOVF 0X21,W
Warning[203]: Found opcode in column 1. (MOVWF)
003E   0088           00097 MOVWF PORTD  
                      00098 
Warning[203]: Found opcode in column 1. (RETURN)
003F   0008           00099 RETURN
                      00100 
0040                  00101 S4
                      00102 
Warning[203]: Found opcode in column 1. (MOVLW)
0040   3000           00103 MOVLW 0X00
Warning[203]: Found opcode in column 1. (MOVWF)
0041   00C0           00104 MOVWF 0X40
                      00105 
Warning[203]: Found opcode in column 1. (MOVF)
0042   0806           00106 MOVF PORTB,W
Warning[203]: Found opcode in column 1. (MOVWF)
0043   00A0           00107 MOVWF 0X20
Warning[203]: Found opcode in column 1. (BCF)
0044   1287           00108 BCF PORTC,5
Warning[203]: Found opcode in column 1. (BCF)
0045   1307           00109 BCF PORTC,6
Warning[203]: Found opcode in column 1. (BCF)
0046   1387           00110 BCF PORTC,7
Warning[203]: Found opcode in column 1. (MOVF)
0047   0807           00111 MOVF PORTC,W
                      00112 
0048                  00113 DIV
                      00114 
Warning[203]: Found opcode in column 1. (SUBWF)
0048   0220           00115 SUBWF 0X20,W
Warning[203]: Found opcode in column 1. (BTFSS)
0049   1C07           00116 BTFSS PORTC,C
Warning[203]: Found opcode in column 1. (INCF)
Message[305]: Using default destination of 1 (file).
004A   0AC0           00117 INCF 0x40
Warning[203]: Found opcode in column 1. (BTFSS)
004B   1C07           00118 BTFSS PORTC,C
Warning[203]: Found opcode in column 1. (GOTO)
004C   2848           00119 GOTO DIV
                      00120 
Warning[203]: Found opcode in column 1. (MOVF)
004D   0840           00121 MOVF 0X40,W
Warning[203]: Found opcode in column 1. (MOVWF)
004E   0088           00122 MOVWF PORTD 
                      00123 
Warning[203]: Found opcode in column 1. (RETURN)
MPASM  5.01                          LED2.ASM   2-26-2015  11:45:46         PAGE  5


LOC  OBJECT CODE     LINE SOURCE TEXT
  VALUE

004F   0008           00124 RETURN
                      00125 
                      00126 
0050                  00127 S5
                      00128 
Warning[203]: Found opcode in column 1. (MOVF)
0050   0806           00129 MOVF PORTB,W
Warning[203]: Found opcode in column 1. (MOVWF)
0051   00A0           00130 MOVWF 0X20
Warning[203]: Found opcode in column 1. (MOVF)
0052   0807           00131 MOVF PORTC,W
Warning[203]: Found opcode in column 1. (ANDWF)
0053   0520           00132 ANDWF 0X20,W
Warning[203]: Found opcode in column 1. (MOVWF)
0054   0088           00133 MOVWF PORTD 
                      00134 
Warning[203]: Found opcode in column 1. (RETURN)
0055   0008           00135 RETURN
                      00136 
0056                  00137 S6
                      00138 
Warning[203]: Found opcode in column 1. (MOVF)
0056   0806           00139 MOVF PORTB,W
Warning[203]: Found opcode in column 1. (MOVWF)
0057   00A0           00140 MOVWF 0X20
Warning[203]: Found opcode in column 1. (MOVF)
0058   0807           00141 MOVF PORTC,W
Warning[203]: Found opcode in column 1. (IORWF)
0059   0420           00142 IORWF 0X20,W
Warning[203]: Found opcode in column 1. (MOVWF)
005A   0088           00143 MOVWF PORTD 
                      00144 
Warning[203]: Found opcode in column 1. (RETURN)
005B   0008           00145 RETURN
                      00146 
005C                  00147 S7
                      00148 
Warning[203]: Found opcode in column 1. (MOVF)
005C   0806           00149 MOVF PORTB,W
Warning[203]: Found opcode in column 1. (MOVWF)
005D   00A0           00150 MOVWF 0X20
Warning[203]: Found opcode in column 1. (MOVF)
005E   0807           00151 MOVF PORTC,W
Warning[203]: Found opcode in column 1. (XORWF)
005F   0620           00152 XORWF 0X20,W
Warning[203]: Found opcode in column 1. (MOVWF)
0060   0088           00153 MOVWF PORTD 
                      00154 
Warning[203]: Found opcode in column 1. (RETURN)
0061   0008           00155 RETURN
                      00156 
0062                  00157 S8
                      00158 
MPASM  5.01                          LED2.ASM   2-26-2015  11:45:46         PAGE  6


LOC  OBJECT CODE     LINE SOURCE TEXT
  VALUE

Warning[203]: Found opcode in column 1. (MOVF)
0062   0806           00159 MOVF PORTB,W
Warning[203]: Found opcode in column 1. (MOVLW)
0063   3020           00160 MOVLW 0X20
Warning[203]: Found opcode in column 1. (COMF)
Message[305]: Using default destination of 1 (file).
0064   09A0           00161 COMF 0X20
Warning[203]: Found opcode in column 1. (MOVF)
0065   0820           00162 MOVF 0X20,W
Warning[203]: Found opcode in column 1. (MOVWF)
0066   0088           00163 MOVWF PORTD 
                      00164 
Warning[203]: Found opcode in column 1. (RETURN)
0067   0008           00165 RETURN
                      00166 
0068                  00167 T1
Warning[205]: Found directive in column 1. (END)
                      00168 END
MPASM  5.01                          LED2.ASM   2-26-2015  11:45:46         PAGE  7


SYMBOL TABLE
  LABEL                             VALUE 

ACKDT                             00000005
ACKEN                             00000004
ACKSTAT                           00000006
ADCON0                            0000001F
ADCON1                            0000009F
ADCS0                             00000006
ADCS1                             00000007
ADDEN                             00000003
ADFM                              00000007
ADIE                              00000006
ADIF                              00000006
ADON                              00000000
ADRESH                            0000001E
ADRESL                            0000009E
BCLIE                             00000003
BCLIF                             00000003
BF                                00000000
BRGH                              00000002
C                                 00000000
C1INV                             00000004
C1OUT                             00000006
C2INV                             00000005
C2OUT                             00000007
CCP1CON                           00000017
CCP1IE                            00000002
CCP1IF                            00000002
CCP1M0                            00000000
CCP1M1                            00000001
CCP1M2                            00000002
CCP1M3                            00000003
CCP1X                             00000005
CCP1Y                             00000004
CCP2CON                           0000001D
CCP2IE                            00000000
CCP2IF                            00000000
CCP2M0                            00000000
CCP2M1                            00000001
CCP2M2                            00000002
CCP2M3                            00000003
CCP2X                             00000005
CCP2Y                             00000004
CCPR1H                            00000016
CCPR1L                            00000015
CCPR2H                            0000001C
CCPR2L                            0000001B
CHS0                              00000003
CHS1                              00000004
CHS2                              00000005
CIS                               00000003
CKE                               00000006
CKP                               00000004
CM0                               00000000
CM1                               00000001
MPASM  5.01                          LED2.ASM   2-26-2015  11:45:46         PAGE  8


SYMBOL TABLE
  LABEL                             VALUE 

CM2                               00000002
CMCON                             0000009C
CMIE                              00000006
CMIF                              00000006
CREN                              00000004
CSRC                              00000007
CVR0                              00000000
CVR1                              00000001
CVR2                              00000002
CVR3                              00000003
CVRCON                            0000009D
CVREN                             00000007
CVROE                             00000006
CVRR                              00000005
D                                 00000005
DATA_ADDRESS                      00000005
DC                                00000001
DIV                               00000048
D_A                               00000005
EEADR                             0000010D
EEADRH                            0000010F
EECON1                            0000018C
EECON2                            0000018D
EEDATA                            0000010C
EEDATH                            0000010E
EEIE                              00000004
EEIF                              00000004
EEPGD                             00000007
F                                 00000001
FERR                              00000002
FSR                               00000004
GCEN                              00000007
GIE                               00000007
GO                                00000002
GO_DONE                           00000002
I2C_DATA                          00000005
I2C_READ                          00000002
I2C_START                         00000003
I2C_STOP                          00000004
IBF                               00000007
IBOV                              00000005
INDF                              00000000
INTCON                            0000000B
INTE                              00000004
INTEDG                            00000006
INTF                              00000001
IRP                               00000007
LOOPA                             0000000C
LOOPB                             00000019
LOOPC                             0000000F
LOOPD                             00000014
LOOPE                             0000001C
LOOPF                             00000021
MPASM  5.01                          LED2.ASM   2-26-2015  11:45:46         PAGE  9


SYMBOL TABLE
  LABEL                             VALUE 

MUL                               0000003A
NOT_A                             00000005
NOT_ADDRESS                       00000005
NOT_BO                            00000000
NOT_BOR                           00000000
NOT_DONE                          00000002
NOT_PD                            00000003
NOT_POR                           00000001
NOT_RBPU                          00000007
NOT_RC8                           00000006
NOT_T1SYNC                        00000002
NOT_TO                            00000004
NOT_TX8                           00000006
NOT_W                             00000002
NOT_WRITE                         00000002
OBF                               00000006
OERR                              00000001
OPTION_REG                        00000081
P                                 00000004
PCFG0                             00000000
PCFG1                             00000001
PCFG2                             00000002
PCFG3                             00000003
PCL                               00000002
PCLATH                            0000000A
PCON                              0000008E
PEIE                              00000006
PEN                               00000002
PIE1                              0000008C
PIE2                              0000008D
PIR1                              0000000C
PIR2                              0000000D
PORTA                             00000005
PORTB                             00000006
PORTC                             00000007
PORTD                             00000008
PORTE                             00000009
PR2                               00000092
PS0                               00000000
PS1                               00000001
PS2                               00000002
PSA                               00000003
PSPIE                             00000007
PSPIF                             00000007
PSPMODE                           00000004
R                                 00000002
RBIE                              00000003
RBIF                              00000000
RC8_9                             00000006
RC9                               00000006
RCD8                              00000000
RCEN                              00000003
RCIE                              00000005
MPASM  5.01                          LED2.ASM   2-26-2015  11:45:46         PAGE 10


SYMBOL TABLE
  LABEL                             VALUE 

RCIF                              00000005
RCREG                             0000001A
RCSTA                             00000018
RD                                00000000
READ_WRITE                        00000002
RP0                               00000005
RP1                               00000006
RSEN                              00000001
RX9                               00000006
RX9D                              00000000
R_W                               00000002
S                                 00000003
S1                                00000026
S2                                0000002C
S3                                00000032
S4                                00000040
S5                                00000050
S6                                00000056
S7                                0000005C
S8                                00000062
SEN                               00000000
SMP                               00000007
SPBRG                             00000099
SPEN                              00000007
SREN                              00000005
SSPADD                            00000093
SSPBUF                            00000013
SSPCON                            00000014
SSPCON2                           00000091
SSPEN                             00000005
SSPIE                             00000003
SSPIF                             00000003
SSPM0                             00000000
SSPM1                             00000001
SSPM2                             00000002
SSPM3                             00000003
SSPOV                             00000006
SSPSTAT                           00000094
STATUS                            00000003
SYNC                              00000004
T0CS                              00000005
T0IE                              00000005
T0IF                              00000002
T0SE                              00000004
T1                                00000068
T1CKPS0                           00000004
T1CKPS1                           00000005
T1CON                             00000010
T1INSYNC                          00000002
T1OSCEN                           00000003
T1SYNC                            00000002
T2CKPS0                           00000000
T2CKPS1                           00000001
MPASM  5.01                          LED2.ASM   2-26-2015  11:45:46         PAGE 11


SYMBOL TABLE
  LABEL                             VALUE 

T2CON                             00000012
TMR0                              00000001
TMR0IE                            00000005
TMR0IF                            00000002
TMR1CS                            00000001
TMR1H                             0000000F
TMR1IE                            00000000
TMR1IF                            00000000
TMR1L                             0000000E
TMR1ON                            00000000
TMR2                              00000011
TMR2IE                            00000001
TMR2IF                            00000001
TMR2ON                            00000002
TOUTPS0                           00000003
TOUTPS1                           00000004
TOUTPS2                           00000005
TOUTPS3                           00000006
TRISA                             00000085
TRISB                             00000086
TRISC                             00000087
TRISD                             00000088
TRISE                             00000089
TRISE0                            00000000
TRISE1                            00000001
TRISE2                            00000002
TRMT                              00000001
TX8_9                             00000006
TX9                               00000006
TX9D                              00000000
TXD8                              00000000
TXEN                              00000005
TXIE                              00000004
TXIF                              00000004
TXREG                             00000019
TXSTA                             00000098
UA                                00000001
W                                 00000000
WCOL                              00000007
WR                                00000001
WREN                              00000002
WRERR                             00000003
Z                                 00000002
_BODEN_OFF                        00003FBF
_BODEN_ON                         00003FFF
_CPD_OFF                          00003FFF
_CPD_ON                           00003EFF
_CP_ALL                           00001FFF
_CP_OFF                           00003FFF
_DEBUG_OFF                        00003FFF
_DEBUG_ON                         000037FF
_HS_OSC                           00003FFE
_LP_OSC                           00003FFC
MPASM  5.01                          LED2.ASM   2-26-2015  11:45:46         PAGE 12


SYMBOL TABLE
  LABEL                             VALUE 

_LVP_OFF                          00003F7F
_LVP_ON                           00003FFF
_PWRTE_OFF                        00003FFF
_PWRTE_ON                         00003FF7
_RC_OSC                           00003FFF
_WDT_OFF                          00003FFB
_WDT_ON                           00003FFF
_WRT_1FOURTH                      00003BFF
_WRT_256                          00003DFF
_WRT_HALF                         000039FF
_WRT_OFF                          00003FFF
_XT_OSC                           00003FFD
__16F877A                         00000001


MEMORY USAGE MAP ('X' = Used,  '-' = Unused)

0000 : XXXXXXXXXXXXXXXX XXXXXXXXXXXXXXXX XXXXXXXXXXXXXXXX XXXXXXXXXXXXXXXX
0040 : XXXXXXXXXXXXXXXX XXXXXXXXXXXXXXXX XXXXXXXX-------- ----------------

All other memory blocks unused.

Program Memory Words Used:   104
Program Memory Words Free:  8088


Errors   :     0
Warnings :   106 reported,     0 suppressed
Messages :     6 reported,     0 suppressed

