Warning[205] Z:\ECE\C\LED2.ASM 1 : Found directive in column 1. (LIST)
Warning[203] Z:\ECE\C\LED2.ASM 4 : Found opcode in column 1. (BCF)
Warning[203] Z:\ECE\C\LED2.ASM 5 : Found opcode in column 1. (BSF)
Warning[203] Z:\ECE\C\LED2.ASM 7 : Found opcode in column 1. (MOVLW)
Warning[203] Z:\ECE\C\LED2.ASM 8 : Found opcode in column 1. (MOVWF)
Message[302] Z:\ECE\C\LED2.ASM 8 : Register in operand not in bank 0.  Ensure that bank bits are correct.
Warning[203] Z:\ECE\C\LED2.ASM 9 : Found opcode in column 1. (MOVWF)
Message[302] Z:\ECE\C\LED2.ASM 9 : Register in operand not in bank 0.  Ensure that bank bits are correct.
Warning[203] Z:\ECE\C\LED2.ASM 11 : Found opcode in column 1. (MOVLW)
Warning[203] Z:\ECE\C\LED2.ASM 12 : Found opcode in column 1. (MOVWF)
Message[302] Z:\ECE\C\LED2.ASM 12 : Register in operand not in bank 0.  Ensure that bank bits are correct.
Warning[203] Z:\ECE\C\LED2.ASM 14 : Found opcode in column 1. (BCF)
Warning[203] Z:\ECE\C\LED2.ASM 15 : Found opcode in column 1. (BCF)
Warning[203] Z:\ECE\C\LED2.ASM 17 : Found opcode in column 1. (BTFSS)
Warning[203] Z:\ECE\C\LED2.ASM 18 : Found opcode in column 1. (GOTO)
Warning[203] Z:\ECE\C\LED2.ASM 19 : Found opcode in column 1. (GOTO)
Warning[203] Z:\ECE\C\LED2.ASM 22 : Found opcode in column 1. (BTFSS)
Warning[203] Z:\ECE\C\LED2.ASM 23 : Found opcode in column 1. (GOTO)
Warning[203] Z:\ECE\C\LED2.ASM 24 : Found opcode in column 1. (GOTO)
Warning[203] Z:\ECE\C\LED2.ASM 27 : Found opcode in column 1. (BTFSC)
Warning[203] Z:\ECE\C\LED2.ASM 28 : Found opcode in column 1. (CALL)
Warning[203] Z:\ECE\C\LED2.ASM 29 : Found opcode in column 1. (BTFSS)
Warning[203] Z:\ECE\C\LED2.ASM 30 : Found opcode in column 1. (CALL)
Warning[203] Z:\ECE\C\LED2.ASM 31 : Found opcode in column 1. (CALL)
Warning[203] Z:\ECE\C\LED2.ASM 34 : Found opcode in column 1. (BTFSC)
Warning[203] Z:\ECE\C\LED2.ASM 35 : Found opcode in column 1. (CALL)
Warning[203] Z:\ECE\C\LED2.ASM 36 : Found opcode in column 1. (BTFSS)
Warning[203] Z:\ECE\C\LED2.ASM 37 : Found opcode in column 1. (CALL)
Warning[203] Z:\ECE\C\LED2.ASM 38 : Found opcode in column 1. (CALL)
Warning[203] Z:\ECE\C\LED2.ASM 41 : Found opcode in column 1. (BTFSS)
Warning[203] Z:\ECE\C\LED2.ASM 42 : Found opcode in column 1. (GOTO)
Warning[203] Z:\ECE\C\LED2.ASM 43 : Found opcode in column 1. (GOTO)
Warning[203] Z:\ECE\C\LED2.ASM 46 : Found opcode in column 1. (BTFSC)
Warning[203] Z:\ECE\C\LED2.ASM 47 : Found opcode in column 1. (CALL)
Warning[203] Z:\ECE\C\LED2.ASM 48 : Found opcode in column 1. (BTFSS)
Warning[203] Z:\ECE\C\LED2.ASM 49 : Found opcode in column 1. (CALL)
Warning[203] Z:\ECE\C\LED2.ASM 50 : Found opcode in column 1. (CALL)
Warning[203] Z:\ECE\C\LED2.ASM 53 : Found opcode in column 1. (BTFSC)
Warning[203] Z:\ECE\C\LED2.ASM 54 : Found opcode in column 1. (CALL)
Warning[203] Z:\ECE\C\LED2.ASM 55 : Found opcode in column 1. (BTFSS)
Warning[203] Z:\ECE\C\LED2.ASM 56 : Found opcode in column 1. (CALL)
Warning[203] Z:\ECE\C\LED2.ASM 57 : Found opcode in column 1. (CALL)
Warning[203] Z:\ECE\C\LED2.ASM 61 : Found opcode in column 1. (MOVF)
Warning[203] Z:\ECE\C\LED2.ASM 62 : Found opcode in column 1. (MOVWF)
Warning[203] Z:\ECE\C\LED2.ASM 63 : Found opcode in column 1. (MOVF)
Warning[203] Z:\ECE\C\LED2.ASM 64 : Found opcode in column 1. (ADDWF)
Warning[203] Z:\ECE\C\LED2.ASM 65 : Found opcode in column 1. (MOVWF)
Warning[203] Z:\ECE\C\LED2.ASM 67 : Found opcode in column 1. (RETURN)
Warning[203] Z:\ECE\C\LED2.ASM 71 : Found opcode in column 1. (MOVF)
Warning[203] Z:\ECE\C\LED2.ASM 72 : Found opcode in column 1. (MOVWF)
Warning[203] Z:\ECE\C\LED2.ASM 73 : Found opcode in column 1. (MOVF)
Warning[203] Z:\ECE\C\LED2.ASM 74 : Found opcode in column 1. (SUBWF)
Warning[203] Z:\ECE\C\LED2.ASM 75 : Found opcode in column 1. (MOVWF)
Warning[203] Z:\ECE\C\LED2.ASM 77 : Found opcode in column 1. (RETURN)
Warning[203] Z:\ECE\C\LED2.ASM 81 : Found opcode in column 1. (MOVF)
Warning[203] Z:\ECE\C\LED2.ASM 82 : Found opcode in column 1. (MOVWF)
Warning[203] Z:\ECE\C\LED2.ASM 83 : Found opcode in column 1. (MOVLW)
Warning[203] Z:\ECE\C\LED2.ASM 84 : Found opcode in column 1. (MOVWF)
Warning[203] Z:\ECE\C\LED2.ASM 85 : Found opcode in column 1. (BCF)
Warning[203] Z:\ECE\C\LED2.ASM 86 : Found opcode in column 1. (BCF)
Warning[203] Z:\ECE\C\LED2.ASM 87 : Found opcode in column 1. (BCF)
Warning[203] Z:\ECE\C\LED2.ASM 88 : Found opcode in column 1. (MOVF)
Warning[203] Z:\ECE\C\LED2.ASM 92 : Found opcode in column 1. (ADDWF)
Warning[203] Z:\ECE\C\LED2.ASM 93 : Found opcode in column 1. (DECFSZ)
Message[305] Z:\ECE\C\LED2.ASM 93 : Using default destination of 1 (file).
Warning[203] Z:\ECE\C\LED2.ASM 94 : Found opcode in column 1. (GOTO)
Warning[203] Z:\ECE\C\LED2.ASM 96 : Found opcode in column 1. (MOVF)
Warning[203] Z:\ECE\C\LED2.ASM 97 : Found opcode in column 1. (MOVWF)
Warning[203] Z:\ECE\C\LED2.ASM 99 : Found opcode in column 1. (RETURN)
Warning[203] Z:\ECE\C\LED2.ASM 103 : Found opcode in column 1. (MOVLW)
Warning[203] Z:\ECE\C\LED2.ASM 104 : Found opcode in column 1. (MOVWF)
Warning[203] Z:\ECE\C\LED2.ASM 106 : Found opcode in column 1. (MOVF)
Warning[203] Z:\ECE\C\LED2.ASM 107 : Found opcode in column 1. (MOVWF)
Warning[203] Z:\ECE\C\LED2.ASM 108 : Found opcode in column 1. (BCF)
Warning[203] Z:\ECE\C\LED2.ASM 109 : Found opcode in column 1. (BCF)
Warning[203] Z:\ECE\C\LED2.ASM 110 : Found opcode in column 1. (BCF)
Warning[203] Z:\ECE\C\LED2.ASM 111 : Found opcode in column 1. (MOVF)
Warning[203] Z:\ECE\C\LED2.ASM 115 : Found opcode in column 1. (SUBWF)
Warning[203] Z:\ECE\C\LED2.ASM 116 : Found opcode in column 1. (BTFSS)
Warning[203] Z:\ECE\C\LED2.ASM 117 : Found opcode in column 1. (INCF)
Message[305] Z:\ECE\C\LED2.ASM 117 : Using default destination of 1 (file).
Warning[203] Z:\ECE\C\LED2.ASM 118 : Found opcode in column 1. (BTFSS)
Warning[203] Z:\ECE\C\LED2.ASM 119 : Found opcode in column 1. (GOTO)
Warning[203] Z:\ECE\C\LED2.ASM 121 : Found opcode in column 1. (MOVF)
Warning[203] Z:\ECE\C\LED2.ASM 122 : Found opcode in column 1. (MOVWF)
Warning[203] Z:\ECE\C\LED2.ASM 124 : Found opcode in column 1. (RETURN)
Warning[203] Z:\ECE\C\LED2.ASM 129 : Found opcode in column 1. (MOVF)
Warning[203] Z:\ECE\C\LED2.ASM 130 : Found opcode in column 1. (MOVWF)
Warning[203] Z:\ECE\C\LED2.ASM 131 : Found opcode in column 1. (MOVF)
Warning[203] Z:\ECE\C\LED2.ASM 132 : Found opcode in column 1. (ANDWF)
Warning[203] Z:\ECE\C\LED2.ASM 133 : Found opcode in column 1. (MOVWF)
Warning[203] Z:\ECE\C\LED2.ASM 135 : Found opcode in column 1. (RETURN)
Warning[203] Z:\ECE\C\LED2.ASM 139 : Found opcode in column 1. (MOVF)
Warning[203] Z:\ECE\C\LED2.ASM 140 : Found opcode in column 1. (MOVWF)
Warning[203] Z:\ECE\C\LED2.ASM 141 : Found opcode in column 1. (MOVF)
Warning[203] Z:\ECE\C\LED2.ASM 142 : Found opcode in column 1. (IORWF)
Warning[203] Z:\ECE\C\LED2.ASM 143 : Found opcode in column 1. (MOVWF)
Warning[203] Z:\ECE\C\LED2.ASM 145 : Found opcode in column 1. (RETURN)
Warning[203] Z:\ECE\C\LED2.ASM 149 : Found opcode in column 1. (MOVF)
Warning[203] Z:\ECE\C\LED2.ASM 150 : Found opcode in column 1. (MOVWF)
Warning[203] Z:\ECE\C\LED2.ASM 151 : Found opcode in column 1. (MOVF)
Warning[203] Z:\ECE\C\LED2.ASM 152 : Found opcode in column 1. (XORWF)
Warning[203] Z:\ECE\C\LED2.ASM 153 : Found opcode in column 1. (MOVWF)
Warning[203] Z:\ECE\C\LED2.ASM 155 : Found opcode in column 1. (RETURN)
Warning[203] Z:\ECE\C\LED2.ASM 159 : Found opcode in column 1. (MOVF)
Warning[203] Z:\ECE\C\LED2.ASM 160 : Found opcode in column 1. (MOVLW)
Warning[203] Z:\ECE\C\LED2.ASM 161 : Found opcode in column 1. (COMF)
Message[305] Z:\ECE\C\LED2.ASM 161 : Using default destination of 1 (file).
Warning[203] Z:\ECE\C\LED2.ASM 162 : Found opcode in column 1. (MOVF)
Warning[203] Z:\ECE\C\LED2.ASM 163 : Found opcode in column 1. (MOVWF)
Warning[203] Z:\ECE\C\LED2.ASM 165 : Found opcode in column 1. (RETURN)
Warning[205] Z:\ECE\C\LED2.ASM 168 : Found directive in column 1. (END)
